<?xml version="1.0" encoding="UTF-8"?>
<testng-results ignored="0" total="0" passed="0" failed="0" skipped="0">
  <reporter-output>
  </reporter-output>
  <suite started-at="2025-05-23T14:55:16 IST" name="cucumber.Options.TestRunner" finished-at="2025-05-23T14:55:16 IST" duration-ms="33">
    <groups>
    </groups>
    <test started-at="2025-05-23T14:55:16 IST" name="Command line test" finished-at="2025-05-23T14:55:16 IST" duration-ms="33">
    </test> <!-- Command line test -->
  </suite> <!-- cucumber.Options.TestRunner -->
</testng-results>
